#!/bin/bash

WIFIDEVID=0
SSID=0
DHCP=0


function usage ()
{
  echo usage: $1 "-s <essid> -a <wifi dev id>" 
  exit 1;
} 

args=($*)
i=0
while [ $i -lt  $# ]
do
case ${args[$i]} in
        -s)  let i=$i+1;
             if [ $i -eq $# ]
             then
                usage;
             fi
             SSID=${args[$i]};;
        -a)  let i=$i+1;
             if [ $i -eq $# ]
             then
                usage;
             fi
             WIFIDEVID=${args[$i]};;
        *)   usage;
esac
     let i=$i+1;

done


WIFIDEV=wifi$WIFIDEVID
if [ $SSID == 0 ]
then
 usage;
fi

echo SSID=$SSID

WLANDEV=`sudo wlanconfig wlan create wlandev wifi0 wlanmode sta` 

sudo iwconfig $WLANDEV essid $SSID 
sudo iwpriv $WLANDEV dbgLVL 0x90e80040
sudo ifconfig $WLANDEV up
sleep 1
sudo dhclient $WLANDEV

